<?xml version="1.0" encoding="UTF-8"?>
<robot generator="Robot 7.3.2 (Python 3.13.5 on win32)" generated="2025-08-03T01:00:57.669988" rpa="false" schemaversion="5">
<suite id="s1" name="Keyword" source="C:\Users\afiac\PycharmProjects\Proje_RobotFramework1\resources\keyword.robot">
<test id="s1-t1" name="Charger Un Utilisateur Valide" line="10">
<kw name="charger fichier json">
<kw name="Load Json From File" owner="JSONLibrary">
<msg time="2025-08-03T01:00:58.388634" level="INFO">${data} = {'valid_user': {'username': 'testuser', 'password': 'secure123'}, 'invalid_user': {'username': 'wronguser', 'password': 'badpass'}}</msg>
<var>${data}</var>
<arg>${fichier}</arg>
<doc>Load JSON from file.</doc>
<status status="PASS" start="2025-08-03T01:00:58.386321" elapsed="0.004025"/>
</kw>
<msg time="2025-08-03T01:00:58.390676" level="INFO">${data} = None</msg>
<var>${data}</var>
<arg>${JSON_PATH}</arg>
<status status="PASS" start="2025-08-03T01:00:58.384636" elapsed="0.006235"/>
</kw>
<kw name="Get Value From Json" owner="JSONLibrary">
<msg time="2025-08-03T01:00:58.416286" level="INFO">${username} = []</msg>
<var>${username}</var>
<arg>${data}</arg>
<arg>$.valid_user.username</arg>
<doc>Get Value From JSON using JSONPath</doc>
<status status="PASS" start="2025-08-03T01:00:58.391096" elapsed="0.025359"/>
</kw>
<kw name="Get Value From Json" owner="JSONLibrary">
<msg time="2025-08-03T01:00:58.433812" level="INFO">${password} = []</msg>
<var>${password}</var>
<arg>${data}</arg>
<arg>$.valid_user.password</arg>
<doc>Get Value From JSON using JSONPath</doc>
<status status="PASS" start="2025-08-03T01:00:58.416674" elapsed="0.017267"/>
</kw>
<kw name="Log" owner="BuiltIn">
<msg time="2025-08-03T01:00:58.434439" level="INFO">Username: [], Password: []</msg>
<arg>Username: ${username}, Password: ${password}</arg>
<doc>Logs the given message with the given level.</doc>
<status status="PASS" start="2025-08-03T01:00:58.434144" elapsed="0.000404"/>
</kw>
<status status="PASS" start="2025-08-03T01:00:58.382324" elapsed="0.052382"/>
</test>
<status status="PASS" start="2025-08-03T01:00:57.681971" elapsed="0.753285"/>
</suite>
<statistics>
<total>
<stat pass="1" fail="0" skip="0">All Tests</stat>
</total>
<tag>
</tag>
<suite>
<stat name="Keyword" id="s1" pass="1" fail="0" skip="0">Keyword</stat>
</suite>
</statistics>
<errors>
</errors>
</robot>
